x = 1.5 error = -0.75
x = 2.25 error = 2.0625
x = 1.875 error = 0.515625
x = 1.6875 error = -0.152344
x = 1.78125 error = 0.172852
x = 1.73438 error = 0.00805664
x = 1.71094 error = -0.0726929
x = 1.72266 error = -0.0324554
x = 1.72852 error = -0.0122337
x = 1.73145 error = -0.00209713
x = 1.73291 error = 0.00297761
x = 1.73218 error = 0.000439703
x = 1.73181 error = -0.000828847
x = 1.73199 error = -0.000194605
x = 1.73209 error = 0.000122541
x = 1.73204 error = -3.60345e-05
sqrt(3) = 1.73205
x = 1 error = -1
x = 1.5 error = 0.25
x = 1.25 error = -0.4375
x = 1.375 error = -0.109375
x = 1.4375 error = 0.0664062
x = 1.40625 error = -0.0224609
x = 1.42188 error = 0.0217285
x = 1.41406 error = -0.000427246
x = 1.41797 error = 0.0106354
x = 1.41602 error = 0.00510025
x = 1.41504 error = 0.00233555
x = 1.41455 error = 0.000953913
x = 1.41431 error = 0.000263274
x = 1.41418 error = -8.20011e-05
sqrt(2) = 1.41421
