
0
02
024
0241
02413
02417
0246
02461
024613
0246135
02463
0247
02471
024713
0247135
02473
025
0251
02516
025164
0257
02571
025713
025714
026
0261
02613
026137
02617
026174
027
0271
02713
02716
0275
02751
02753
027531
0275314
03
031
0314
03142
03147
0316
03162
0317
03172
031726
03175
031752
035
0352
0357
03571
035714
0357142
035716
0357162
03572
035724
035726
036
0362
03625
036251
0362514
03627
036271
0362714
0364
03641
03642
03647
036471
037
0372
0374
03741
03742
04
041
0415
04152
041526
0415263
0417
04172
041726
0417263
04175
041752
041753
046
0461
04613
046137
04615
046152
046157
047
0471
04713
047136
0471362
04716
047162
0471625
0475
04752
047526
0475261
04752613
