s
4 1 3 2 7 5 6 8 
1 2 3 4 5 6 7 8 
2 3 1 6 5 8 7 4 

t
6 2 1 5 3 4 7 8 
1 2 3 4 5 6 7 8 
1 4 3 5 2 8 7 6 

union
10 3 1 8 5 4 14 5 6 16 
1 3 5 4 8 10 5 6 14 16 
1 4 5 8 3 6 5 16 14 10 

intersection
24 2 15 6 49 64 
2 6 15 24 49 64 
6 15 2 64 49 24 

delete 6
delete 15
delete 2
delete 64
delete 49
delete 24

delete 1
delete 4
delete 5
delete 8
delete 3
delete 6
delete 5
delete 16
delete 14
delete 10

delete 1
delete 4
delete 3
delete 5
delete 2
delete 8
delete 7
delete 6

delete 2
delete 3
delete 1
delete 6
delete 5
delete 8
delete 7
delete 4

